2025-05-28 16:04:37,178 - INFO - Success: Webpage content fetched successfully
2025-05-28 16:04:37,183 - INFO - Success: Prompt generated successfully
2025-05-28 16:04:37,338 - INFO - Found credentials in shared credentials file: ~/.aws/credentials
2025-05-28 16:04:45,271 - INFO - Success: Summary generated successfully
2025-05-28 16:04:45,349 - INFO - Found credentials in shared credentials file: ~/.aws/credentials
2025-05-28 16:04:49,144 - INFO - Success: Audio generated successfully.
2025-05-28 16:05:51,444 - INFO - Success: Webpage content fetched successfully
2025-05-28 16:05:51,449 - INFO - Success: Prompt generated successfully
2025-05-28 16:05:51,515 - INFO - Found credentials in shared credentials file: ~/.aws/credentials
2025-05-28 16:05:56,523 - INFO - Success: Summary generated successfully
2025-05-28 16:05:56,609 - INFO - Found credentials in shared credentials file: ~/.aws/credentials
2025-05-28 16:06:00,763 - INFO - Success: Audio generated successfully.
2025-05-29 11:32:27,461 - INFO - Success: Webpage content fetched successfully
2025-05-29 11:32:27,463 - INFO - Success: Prompt generated successfully
2025-05-29 11:32:27,497 - INFO - Found credentials in shared credentials file: ~/.aws/credentials
2025-05-29 11:32:31,026 - INFO - Success: Summary generated successfully
2025-05-29 11:32:31,047 - INFO - Found credentials in shared credentials file: ~/.aws/credentials
2025-05-29 11:32:32,302 - INFO - Success: Audio generated successfully.
2025-06-06 15:18:32,038 - INFO - Success: Webpage content fetched successfully
2025-06-06 15:18:32,476 - INFO - Success: Prompt generated successfully
2025-06-06 15:18:34,521 - INFO - Found credentials in shared credentials file: ~/.aws/credentials
2025-06-06 15:18:58,262 - INFO - Success: Summary generated successfully
2025-06-06 15:18:58,464 - INFO - Found credentials in shared credentials file: ~/.aws/credentials
2025-06-06 15:19:13,737 - INFO - Success: Audio generated successfully.
